{"type": "task_created", "task_id": "20260606143122-db945afb", "mode": "single", "timestamp": "2026-06-06T14:31:22.917197"}
{"type": "task_updated", "task_id": "20260606143122-db945afb", "status": "running", "success_count": 0, "failed_count": 0, "timestamp": "2026-06-06T14:31:22.917660"}
{"type": "log", "message": "开始爬取单角色", "timestamp": "2026-06-06T14:31:22.917785", "current": null, "total": null, "success": null, "failed": null}
{"type": "task_updated", "task_id": "20260606143122-db945afb", "status": "running", "success_count": 0, "failed_count": 0, "timestamp": "2026-06-06T14:31:22.918075"}
{"type": "progress", "message": "正在初始化爬虫", "timestamp": "2026-06-06T14:31:22.918187", "current": 1, "total": 1, "success": null, "failed": null}
{"type": "log", "message": "开始爬取单角色", "timestamp": "2026-06-06T14:31:22.918566", "current": 1, "total": 1, "success": null, "failed": null}
{"type": "progress", "message": "正在处理：零（男主）", "timestamp": "2026-06-06T14:31:28.085583", "current": 1, "total": 1, "success": null, "failed": null}
{"type": "log", "message": "已提取交互内容：点击查看", "timestamp": "2026-06-06T14:31:28.871699", "current": 1, "total": 1, "success": null, "failed": null}
{"type": "log", "message": "已提取交互内容：点击查看", "timestamp": "2026-06-06T14:31:29.831958", "current": 1, "total": 1, "success": null, "failed": null}
{"type": "log", "message": "已提取交互内容：查看升级效果", "timestamp": "2026-06-06T14:31:30.864215", "current": 1, "total": 1, "success": null, "failed": null}
{"type": "log", "message": "已提取交互内容：查看升级效果", "timestamp": "2026-06-06T14:31:31.819804", "current": 1, "total": 1, "success": null, "failed": null}
{"type": "log", "message": "已提取交互内容：查看升级效果", "timestamp": "2026-06-06T14:31:32.871592", "current": 1, "total": 1, "success": null, "failed": null}
{"type": "log", "message": "已提取交互内容：查看升级效果", "timestamp": "2026-06-06T14:31:33.855398", "current": 1, "total": 1, "success": null, "failed": null}
{"type": "log", "message": "已提取交互内容：面板数据", "timestamp": "2026-06-06T14:31:34.862645", "current": 1, "total": 1, "success": null, "failed": null}
{"type": "log", "message": "已提取交互内容：角色立绘", "timestamp": "2026-06-06T14:31:35.814748", "current": 1, "total": 1, "success": null, "failed": null}
{"type": "log", "message": "已提取交互内容：Lv.1", "timestamp": "2026-06-06T14:31:36.753718", "current": 1, "total": 1, "success": null, "failed": null}
{"type": "log", "message": "已提取交互内容：Lv.2", "timestamp": "2026-06-06T14:31:37.720808", "current": 1, "total": 1, "success": null, "failed": null}
{"type": "log", "message": "已提取交互内容：Lv.3", "timestamp": "2026-06-06T14:31:38.648128", "current": 1, "total": 1, "success": null, "failed": null}
{"type": "log", "message": "已提取交互内容：Lv.4", "timestamp": "2026-06-06T14:31:39.592764", "current": 1, "total": 1, "success": null, "failed": null}
{"type": "log", "message": "已提取交互内容：Lv.5", "timestamp": "2026-06-06T14:31:40.541436", "current": 1, "total": 1, "success": null, "failed": null}
{"type": "log", "message": "已提取交互内容：1级觉醒", "timestamp": "2026-06-06T14:31:41.492059", "current": 1, "total": 1, "success": null, "failed": null}
{"type": "log", "message": "已提取交互内容：2级觉醒", "timestamp": "2026-06-06T14:31:42.441016", "current": 1, "total": 1, "success": null, "failed": null}
{"type": "log", "message": "已提取交互内容：3级觉醒", "timestamp": "2026-06-06T14:31:43.391005", "current": 1, "total": 1, "success": null, "failed": null}
{"type": "log", "message": "已提取交互内容：4级觉醒", "timestamp": "2026-06-06T14:31:44.440519", "current": 1, "total": 1, "success": null, "failed": null}
{"type": "log", "message": "已提取交互内容：5级觉醒", "timestamp": "2026-06-06T14:31:45.451436", "current": 1, "total": 1, "success": null, "failed": null}
{"type": "log", "message": "已提取交互内容：6级觉醒", "timestamp": "2026-06-06T14:31:46.459183", "current": 1, "total": 1, "success": null, "failed": null}
{"type": "log", "message": "已筛选出 25 张角色相关图片", "timestamp": "2026-06-06T14:31:46.694161", "current": 1, "total": 1, "success": null, "failed": null}
{"type": "task_updated", "task_id": "20260606143122-db945afb", "status": "running", "success_count": 1, "failed_count": 0, "timestamp": "2026-06-06T14:31:52.975530"}
{"type": "character_done", "name": "零（男主）", "url": "https://www.gamekee.com/yh/669570.html", "timestamp": "2026-06-06T14:31:52.976469"}
{"type": "task_updated", "task_id": "20260606143122-db945afb", "status": "completed", "success_count": 1, "failed_count": 0, "timestamp": "2026-06-06T14:31:52.977487"}
{"type": "done", "message": "任务结束", "timestamp": "2026-06-06T14:31:52.977792", "current": null, "total": null, "success": 1, "failed": 0}
