{"type": "task_created", "task_id": "20260606165309-232f3102", "mode": "single", "timestamp": "2026-06-06T16:53:09.698030"}
{"type": "task_updated", "task_id": "20260606165309-232f3102", "status": "running", "success_count": 0, "failed_count": 0, "timestamp": "2026-06-06T16:53:09.698474"}
{"type": "log", "message": "开始爬取单角色", "timestamp": "2026-06-06T16:53:09.698604", "current": null, "total": null, "success": null, "failed": null}
{"type": "task_updated", "task_id": "20260606165309-232f3102", "status": "running", "success_count": 0, "failed_count": 0, "timestamp": "2026-06-06T16:53:09.698889"}
{"type": "progress", "message": "正在初始化爬虫", "timestamp": "2026-06-06T16:53:09.699001", "current": 1, "total": 1, "success": null, "failed": null}
{"type": "log", "message": "开始爬取单角色", "timestamp": "2026-06-06T16:53:10.100949", "current": 1, "total": 1, "success": null, "failed": null}
{"type": "log", "message": "正在打开页面：https://www.gamekee.com/yh/669570.html", "timestamp": "2026-06-06T16:53:10.101184", "current": 1, "total": 1, "success": null, "failed": null}
{"type": "progress", "message": "正在处理：零（男主）", "timestamp": "2026-06-06T16:53:16.903626", "current": 1, "total": 1, "success": null, "failed": null}
{"type": "log", "message": "已提取交互内容：点击查看", "timestamp": "2026-06-06T16:53:18.241155", "current": 1, "total": 1, "success": null, "failed": null}
{"type": "log", "message": "已提取交互内容：点击查看", "timestamp": "2026-06-06T16:53:19.748946", "current": 1, "total": 1, "success": null, "failed": null}
{"type": "log", "message": "已提取交互内容：查看升级效果", "timestamp": "2026-06-06T16:53:21.280465", "current": 1, "total": 1, "success": null, "failed": null}
{"type": "log", "message": "已提取交互内容：查看升级效果", "timestamp": "2026-06-06T16:53:22.790747", "current": 1, "total": 1, "success": null, "failed": null}
{"type": "log", "message": "已提取交互内容：查看升级效果", "timestamp": "2026-06-06T16:53:24.357091", "current": 1, "total": 1, "success": null, "failed": null}
{"type": "log", "message": "已提取交互内容：查看升级效果", "timestamp": "2026-06-06T16:53:25.865041", "current": 1, "total": 1, "success": null, "failed": null}
{"type": "log", "message": "已提取交互内容：面板数据", "timestamp": "2026-06-06T16:53:27.381142", "current": 1, "total": 1, "success": null, "failed": null}
{"type": "log", "message": "已提取交互内容：角色立绘", "timestamp": "2026-06-06T16:53:28.887650", "current": 1, "total": 1, "success": null, "failed": null}
{"type": "log", "message": "已提取交互内容：Lv.1", "timestamp": "2026-06-06T16:53:30.398622", "current": 1, "total": 1, "success": null, "failed": null}
{"type": "log", "message": "已提取交互内容：Lv.2", "timestamp": "2026-06-06T16:53:31.905353", "current": 1, "total": 1, "success": null, "failed": null}
{"type": "log", "message": "已提取交互内容：Lv.3", "timestamp": "2026-06-06T16:53:33.425609", "current": 1, "total": 1, "success": null, "failed": null}
{"type": "log", "message": "已提取交互内容：Lv.4", "timestamp": "2026-06-06T16:53:34.940958", "current": 1, "total": 1, "success": null, "failed": null}
{"type": "log", "message": "已提取交互内容：Lv.5", "timestamp": "2026-06-06T16:53:36.442424", "current": 1, "total": 1, "success": null, "failed": null}
{"type": "log", "message": "已提取交互内容：1级觉醒", "timestamp": "2026-06-06T16:53:37.953280", "current": 1, "total": 1, "success": null, "failed": null}
{"type": "log", "message": "已提取交互内容：2级觉醒", "timestamp": "2026-06-06T16:53:39.451711", "current": 1, "total": 1, "success": null, "failed": null}
{"type": "log", "message": "已提取交互内容：3级觉醒", "timestamp": "2026-06-06T16:53:40.965924", "current": 1, "total": 1, "success": null, "failed": null}
{"type": "log", "message": "已提取交互内容：4级觉醒", "timestamp": "2026-06-06T16:53:42.474567", "current": 1, "total": 1, "success": null, "failed": null}
{"type": "log", "message": "已提取交互内容：5级觉醒", "timestamp": "2026-06-06T16:53:43.991152", "current": 1, "total": 1, "success": null, "failed": null}
{"type": "log", "message": "已提取交互内容：6级觉醒", "timestamp": "2026-06-06T16:53:45.510029", "current": 1, "total": 1, "success": null, "failed": null}
{"type": "log", "message": "已筛选出 25 张角色相关图片", "timestamp": "2026-06-06T16:53:45.739890", "current": 1, "total": 1, "success": null, "failed": null}
{"type": "task_updated", "task_id": "20260606165309-232f3102", "status": "running", "success_count": 1, "failed_count": 0, "timestamp": "2026-06-06T16:53:49.771956"}
{"type": "character_done", "name": "零（男主）", "url": "https://www.gamekee.com/yh/669570.html", "timestamp": "2026-06-06T16:53:49.772137"}
{"type": "task_updated", "task_id": "20260606165309-232f3102", "status": "completed", "success_count": 1, "failed_count": 0, "timestamp": "2026-06-06T16:53:49.772436"}
{"type": "done", "message": "任务结束", "timestamp": "2026-06-06T16:53:49.772552", "current": null, "total": null, "success": 1, "failed": 0}
