{"type": "task_created", "task_id": "20260606150800-01ccd229", "mode": "single", "timestamp": "2026-06-06T15:08:00.615674"}
{"type": "task_updated", "task_id": "20260606150800-01ccd229", "status": "running", "success_count": 0, "failed_count": 0, "timestamp": "2026-06-06T15:08:00.616239"}
{"type": "log", "message": "开始爬取单角色", "timestamp": "2026-06-06T15:08:00.616369", "current": null, "total": null, "success": null, "failed": null}
{"type": "task_updated", "task_id": "20260606150800-01ccd229", "status": "running", "success_count": 0, "failed_count": 0, "timestamp": "2026-06-06T15:08:00.617978"}
{"type": "progress", "message": "正在初始化爬虫", "timestamp": "2026-06-06T15:08:00.618117", "current": 1, "total": 1, "success": null, "failed": null}
{"type": "log", "message": "开始爬取单角色", "timestamp": "2026-06-06T15:08:00.618624", "current": 1, "total": 1, "success": null, "failed": null}
{"type": "progress", "message": "正在处理：零（男主）", "timestamp": "2026-06-06T15:08:06.028040", "current": 1, "total": 1, "success": null, "failed": null}
{"type": "log", "message": "已提取交互内容：点击查看", "timestamp": "2026-06-06T15:08:06.974573", "current": 1, "total": 1, "success": null, "failed": null}
{"type": "log", "message": "已提取交互内容：点击查看", "timestamp": "2026-06-06T15:08:08.004208", "current": 1, "total": 1, "success": null, "failed": null}
{"type": "log", "message": "已提取交互内容：查看升级效果", "timestamp": "2026-06-06T15:08:09.144128", "current": 1, "total": 1, "success": null, "failed": null}
{"type": "log", "message": "已提取交互内容：查看升级效果", "timestamp": "2026-06-06T15:08:10.200513", "current": 1, "total": 1, "success": null, "failed": null}
{"type": "log", "message": "已提取交互内容：查看升级效果", "timestamp": "2026-06-06T15:08:11.358162", "current": 1, "total": 1, "success": null, "failed": null}
{"type": "log", "message": "已提取交互内容：查看升级效果", "timestamp": "2026-06-06T15:08:12.311302", "current": 1, "total": 1, "success": null, "failed": null}
{"type": "log", "message": "已提取交互内容：面板数据", "timestamp": "2026-06-06T15:08:13.261340", "current": 1, "total": 1, "success": null, "failed": null}
{"type": "log", "message": "已提取交互内容：角色立绘", "timestamp": "2026-06-06T15:08:14.215331", "current": 1, "total": 1, "success": null, "failed": null}
{"type": "log", "message": "已提取交互内容：Lv.1", "timestamp": "2026-06-06T15:08:15.208394", "current": 1, "total": 1, "success": null, "failed": null}
{"type": "log", "message": "已提取交互内容：Lv.2", "timestamp": "2026-06-06T15:08:16.155117", "current": 1, "total": 1, "success": null, "failed": null}
{"type": "log", "message": "已提取交互内容：Lv.3", "timestamp": "2026-06-06T15:08:17.105436", "current": 1, "total": 1, "success": null, "failed": null}
{"type": "log", "message": "已提取交互内容：Lv.4", "timestamp": "2026-06-06T15:08:18.038048", "current": 1, "total": 1, "success": null, "failed": null}
{"type": "log", "message": "已提取交互内容：Lv.5", "timestamp": "2026-06-06T15:08:18.969112", "current": 1, "total": 1, "success": null, "failed": null}
{"type": "log", "message": "已提取交互内容：1级觉醒", "timestamp": "2026-06-06T15:08:19.902631", "current": 1, "total": 1, "success": null, "failed": null}
{"type": "log", "message": "已提取交互内容：2级觉醒", "timestamp": "2026-06-06T15:08:20.830442", "current": 1, "total": 1, "success": null, "failed": null}
{"type": "log", "message": "已提取交互内容：3级觉醒", "timestamp": "2026-06-06T15:08:21.779002", "current": 1, "total": 1, "success": null, "failed": null}
